Copyright 1986-2016 Xilinx, Inc. All Rights Reserved.
---------------------------------------------------------------------------------------------------------------
| Tool Version : Vivado v.2016.4 (win64) Build 1733598 Wed Dec 14 22:35:39 MST 2016
| Date         : Mon Dec 09 09:28:55 2024
| Host         : XPS-9500 running 64-bit major release  (build 9200)
| Command      : report_methodology -file Main_methodology_drc_routed.rpt -rpx Main_methodology_drc_routed.rpx
| Design       : Main
| Device       : xc7a35tcpg236-1
| Speed File   : -1
| Design State : Routed
---------------------------------------------------------------------------------------------------------------

Report Methodology

Table of Contents
-----------------
1. REPORT SUMMARY
2. REPORT DETAILS

1. REPORT SUMMARY
-----------------
            Netlist: netlist
          Floorplan: design_1
      Design limits: <entire design considered>
             Max violations: <unlimited>
             Violations found: 93
+-----------+----------+-------------------------------+------------+
| Rule      | Severity | Description                   | Violations |
+-----------+----------+-------------------------------+------------+
| SYNTH-11  | Warning  | DSP output not registered     | 4          |
| TIMING-16 | Warning  | Large setup violation         | 60         |
| TIMING-18 | Warning  | Missing input or output delay | 28         |
| TIMING-20 | Warning  | Non-clocked latch             | 1          |
+-----------+----------+-------------------------------+------------+

2. REPORT DETAILS
-----------------
SYNTH-11#1 Warning
DSP output not registered  
DSP instance Ultrasonic_Sensor/Distance_Measured_13 is not fully pipelined on the output side. MREG/PREG are not used.
Related violations: <none>

SYNTH-11#2 Warning
DSP output not registered  
DSP instance Ultrasonic_Sensor/Distance_Measured_23 is not fully pipelined on the output side. MREG/PREG are not used.
Related violations: <none>

SYNTH-11#3 Warning
DSP output not registered  
DSP instance Ultrasonic_Sensor/Distance_Measured_33 is not fully pipelined on the output side. MREG/PREG are not used.
Related violations: <none>

SYNTH-11#4 Warning
DSP output not registered  
DSP instance Ultrasonic_Sensor/Distance_Measured_43 is not fully pipelined on the output side. MREG/PREG are not used.
Related violations: <none>

TIMING-16#1 Warning
Large setup violation  
There is a large setup violation of -11.396 ns between Ultrasonic_Sensor/Distance_Measured_23/CLK (clocked by sys_clk_pin) and Ultrasonic_Sensor/Distance_Measured_2_reg[0]/D (clocked by sys_clk_pin). Large setup violations at the end of those stages might be difficult to fix during the post-placement implementation flow and could be the result of non-optimal XDC constraints or non-optimal design architecture
Related violations: <none>

TIMING-16#2 Warning
Large setup violation  
There is a large setup violation of -11.613 ns between Ultrasonic_Sensor/Distance_Measured_43/CLK (clocked by sys_clk_pin) and Ultrasonic_Sensor/Distance_Measured_4_reg[0]/D (clocked by sys_clk_pin). Large setup violations at the end of those stages might be difficult to fix during the post-placement implementation flow and could be the result of non-optimal XDC constraints or non-optimal design architecture
Related violations: <none>

TIMING-16#3 Warning
Large setup violation  
There is a large setup violation of -11.770 ns between Ultrasonic_Sensor/Distance_Measured_33/CLK (clocked by sys_clk_pin) and Ultrasonic_Sensor/Distance_Measured_3_reg[0]/D (clocked by sys_clk_pin). Large setup violations at the end of those stages might be difficult to fix during the post-placement implementation flow and could be the result of non-optimal XDC constraints or non-optimal design architecture
Related violations: <none>

TIMING-16#4 Warning
Large setup violation  
There is a large setup violation of -11.914 ns between Ultrasonic_Sensor/Distance_Measured_13/CLK (clocked by sys_clk_pin) and Ultrasonic_Sensor/Distance_Measured_1_reg[0]/D (clocked by sys_clk_pin). Large setup violations at the end of those stages might be difficult to fix during the post-placement implementation flow and could be the result of non-optimal XDC constraints or non-optimal design architecture
Related violations: <none>

TIMING-16#5 Warning
Large setup violation  
There is a large setup violation of -13.078 ns between Ultrasonic_Sensor/Distance_Measured_23/CLK (clocked by sys_clk_pin) and Ultrasonic_Sensor/Distance_Measured_2_reg[2]/D (clocked by sys_clk_pin). Large setup violations at the end of those stages might be difficult to fix during the post-placement implementation flow and could be the result of non-optimal XDC constraints or non-optimal design architecture
Related violations: <none>

TIMING-16#6 Warning
Large setup violation  
There is a large setup violation of -13.078 ns between Ultrasonic_Sensor/Distance_Measured_23/CLK (clocked by sys_clk_pin) and Ultrasonic_Sensor/Distance_Measured_2_reg[3]/D (clocked by sys_clk_pin). Large setup violations at the end of those stages might be difficult to fix during the post-placement implementation flow and could be the result of non-optimal XDC constraints or non-optimal design architecture
Related violations: <none>

TIMING-16#7 Warning
Large setup violation  
There is a large setup violation of -13.080 ns between Ultrasonic_Sensor/Distance_Measured_43/CLK (clocked by sys_clk_pin) and Ultrasonic_Sensor/Distance_Measured_4_reg[1]/D (clocked by sys_clk_pin). Large setup violations at the end of those stages might be difficult to fix during the post-placement implementation flow and could be the result of non-optimal XDC constraints or non-optimal design architecture
Related violations: <none>

TIMING-16#8 Warning
Large setup violation  
There is a large setup violation of -13.151 ns between Ultrasonic_Sensor/Distance_Measured_23/CLK (clocked by sys_clk_pin) and Ultrasonic_Sensor/Distance_Measured_2_reg[1]/D (clocked by sys_clk_pin). Large setup violations at the end of those stages might be difficult to fix during the post-placement implementation flow and could be the result of non-optimal XDC constraints or non-optimal design architecture
Related violations: <none>

TIMING-16#9 Warning
Large setup violation  
There is a large setup violation of -13.260 ns between Ultrasonic_Sensor/Distance_Measured_23/CLK (clocked by sys_clk_pin) and Ultrasonic_Sensor/Distance_Measured_2_reg[4]/D (clocked by sys_clk_pin). Large setup violations at the end of those stages might be difficult to fix during the post-placement implementation flow and could be the result of non-optimal XDC constraints or non-optimal design architecture
Related violations: <none>

TIMING-16#10 Warning
Large setup violation  
There is a large setup violation of -13.286 ns between Ultrasonic_Sensor/Distance_Measured_43/CLK (clocked by sys_clk_pin) and Ultrasonic_Sensor/Distance_Measured_4_reg[4]/D (clocked by sys_clk_pin). Large setup violations at the end of those stages might be difficult to fix during the post-placement implementation flow and could be the result of non-optimal XDC constraints or non-optimal design architecture
Related violations: <none>

TIMING-16#11 Warning
Large setup violation  
There is a large setup violation of -13.287 ns between Ultrasonic_Sensor/Distance_Measured_23/CLK (clocked by sys_clk_pin) and Ultrasonic_Sensor/Distance_Measured_2_reg[5]/D (clocked by sys_clk_pin). Large setup violations at the end of those stages might be difficult to fix during the post-placement implementation flow and could be the result of non-optimal XDC constraints or non-optimal design architecture
Related violations: <none>

TIMING-16#12 Warning
Large setup violation  
There is a large setup violation of -13.294 ns between Ultrasonic_Sensor/Distance_Measured_33/CLK (clocked by sys_clk_pin) and Ultrasonic_Sensor/Distance_Measured_3_reg[1]/D (clocked by sys_clk_pin). Large setup violations at the end of those stages might be difficult to fix during the post-placement implementation flow and could be the result of non-optimal XDC constraints or non-optimal design architecture
Related violations: <none>

TIMING-16#13 Warning
Large setup violation  
There is a large setup violation of -13.301 ns between Ultrasonic_Sensor/Distance_Measured_23/CLK (clocked by sys_clk_pin) and Ultrasonic_Sensor/Distance_Measured_2_reg[7]/D (clocked by sys_clk_pin). Large setup violations at the end of those stages might be difficult to fix during the post-placement implementation flow and could be the result of non-optimal XDC constraints or non-optimal design architecture
Related violations: <none>

TIMING-16#14 Warning
Large setup violation  
There is a large setup violation of -13.307 ns between Ultrasonic_Sensor/Distance_Measured_43/CLK (clocked by sys_clk_pin) and Ultrasonic_Sensor/Distance_Measured_4_reg[3]/D (clocked by sys_clk_pin). Large setup violations at the end of those stages might be difficult to fix during the post-placement implementation flow and could be the result of non-optimal XDC constraints or non-optimal design architecture
Related violations: <none>

TIMING-16#15 Warning
Large setup violation  
There is a large setup violation of -13.367 ns between Ultrasonic_Sensor/Distance_Measured_13/CLK (clocked by sys_clk_pin) and Ultrasonic_Sensor/Distance_Measured_1_reg[1]/D (clocked by sys_clk_pin). Large setup violations at the end of those stages might be difficult to fix during the post-placement implementation flow and could be the result of non-optimal XDC constraints or non-optimal design architecture
Related violations: <none>

TIMING-16#16 Warning
Large setup violation  
There is a large setup violation of -13.382 ns between Ultrasonic_Sensor/Distance_Measured_23/CLK (clocked by sys_clk_pin) and Ultrasonic_Sensor/Distance_Measured_2_reg[8]/D (clocked by sys_clk_pin). Large setup violations at the end of those stages might be difficult to fix during the post-placement implementation flow and could be the result of non-optimal XDC constraints or non-optimal design architecture
Related violations: <none>

TIMING-16#17 Warning
Large setup violation  
There is a large setup violation of -13.401 ns between Ultrasonic_Sensor/Distance_Measured_23/CLK (clocked by sys_clk_pin) and Ultrasonic_Sensor/Distance_Measured_2_reg[31]/D (clocked by sys_clk_pin). Large setup violations at the end of those stages might be difficult to fix during the post-placement implementation flow and could be the result of non-optimal XDC constraints or non-optimal design architecture
Related violations: <none>

TIMING-16#18 Warning
Large setup violation  
There is a large setup violation of -13.401 ns between Ultrasonic_Sensor/Distance_Measured_43/CLK (clocked by sys_clk_pin) and Ultrasonic_Sensor/Distance_Measured_4_reg[5]/D (clocked by sys_clk_pin). Large setup violations at the end of those stages might be difficult to fix during the post-placement implementation flow and could be the result of non-optimal XDC constraints or non-optimal design architecture
Related violations: <none>

TIMING-16#19 Warning
Large setup violation  
There is a large setup violation of -13.406 ns between Ultrasonic_Sensor/Distance_Measured_23/CLK (clocked by sys_clk_pin) and Ultrasonic_Sensor/Distance_Measured_2_reg[6]/D (clocked by sys_clk_pin). Large setup violations at the end of those stages might be difficult to fix during the post-placement implementation flow and could be the result of non-optimal XDC constraints or non-optimal design architecture
Related violations: <none>

TIMING-16#20 Warning
Large setup violation  
There is a large setup violation of -13.415 ns between Ultrasonic_Sensor/Distance_Measured_23/CLK (clocked by sys_clk_pin) and Ultrasonic_Sensor/Distance_Measured_2_reg[11]/D (clocked by sys_clk_pin). Large setup violations at the end of those stages might be difficult to fix during the post-placement implementation flow and could be the result of non-optimal XDC constraints or non-optimal design architecture
Related violations: <none>

TIMING-16#21 Warning
Large setup violation  
There is a large setup violation of -13.424 ns between Ultrasonic_Sensor/Distance_Measured_23/CLK (clocked by sys_clk_pin) and Ultrasonic_Sensor/Distance_Measured_2_reg[9]/D (clocked by sys_clk_pin). Large setup violations at the end of those stages might be difficult to fix during the post-placement implementation flow and could be the result of non-optimal XDC constraints or non-optimal design architecture
Related violations: <none>

TIMING-16#22 Warning
Large setup violation  
There is a large setup violation of -13.475 ns between Ultrasonic_Sensor/Distance_Measured_33/CLK (clocked by sys_clk_pin) and Ultrasonic_Sensor/Distance_Measured_3_reg[2]/D (clocked by sys_clk_pin). Large setup violations at the end of those stages might be difficult to fix during the post-placement implementation flow and could be the result of non-optimal XDC constraints or non-optimal design architecture
Related violations: <none>

TIMING-16#23 Warning
Large setup violation  
There is a large setup violation of -13.498 ns between Ultrasonic_Sensor/Distance_Measured_43/CLK (clocked by sys_clk_pin) and Ultrasonic_Sensor/Distance_Measured_4_reg[8]/D (clocked by sys_clk_pin). Large setup violations at the end of those stages might be difficult to fix during the post-placement implementation flow and could be the result of non-optimal XDC constraints or non-optimal design architecture
Related violations: <none>

TIMING-16#24 Warning
Large setup violation  
There is a large setup violation of -13.499 ns between Ultrasonic_Sensor/Distance_Measured_23/CLK (clocked by sys_clk_pin) and Ultrasonic_Sensor/Distance_Measured_2_reg[12]/D (clocked by sys_clk_pin). Large setup violations at the end of those stages might be difficult to fix during the post-placement implementation flow and could be the result of non-optimal XDC constraints or non-optimal design architecture
Related violations: <none>

TIMING-16#25 Warning
Large setup violation  
There is a large setup violation of -13.513 ns between Ultrasonic_Sensor/Distance_Measured_23/CLK (clocked by sys_clk_pin) and Ultrasonic_Sensor/Distance_Measured_2_reg[10]/D (clocked by sys_clk_pin). Large setup violations at the end of those stages might be difficult to fix during the post-placement implementation flow and could be the result of non-optimal XDC constraints or non-optimal design architecture
Related violations: <none>

TIMING-16#26 Warning
Large setup violation  
There is a large setup violation of -13.517 ns between Ultrasonic_Sensor/Distance_Measured_43/CLK (clocked by sys_clk_pin) and Ultrasonic_Sensor/Distance_Measured_4_reg[2]/D (clocked by sys_clk_pin). Large setup violations at the end of those stages might be difficult to fix during the post-placement implementation flow and could be the result of non-optimal XDC constraints or non-optimal design architecture
Related violations: <none>

TIMING-16#27 Warning
Large setup violation  
There is a large setup violation of -13.529 ns between Ultrasonic_Sensor/Distance_Measured_13/CLK (clocked by sys_clk_pin) and Ultrasonic_Sensor/Distance_Measured_1_reg[4]/D (clocked by sys_clk_pin). Large setup violations at the end of those stages might be difficult to fix during the post-placement implementation flow and could be the result of non-optimal XDC constraints or non-optimal design architecture
Related violations: <none>

TIMING-16#28 Warning
Large setup violation  
There is a large setup violation of -13.541 ns between Ultrasonic_Sensor/Distance_Measured_43/CLK (clocked by sys_clk_pin) and Ultrasonic_Sensor/Distance_Measured_4_reg[9]/D (clocked by sys_clk_pin). Large setup violations at the end of those stages might be difficult to fix during the post-placement implementation flow and could be the result of non-optimal XDC constraints or non-optimal design architecture
Related violations: <none>

TIMING-16#29 Warning
Large setup violation  
There is a large setup violation of -13.558 ns between Ultrasonic_Sensor/Distance_Measured_13/CLK (clocked by sys_clk_pin) and Ultrasonic_Sensor/Distance_Measured_1_reg[3]/D (clocked by sys_clk_pin). Large setup violations at the end of those stages might be difficult to fix during the post-placement implementation flow and could be the result of non-optimal XDC constraints or non-optimal design architecture
Related violations: <none>

TIMING-16#30 Warning
Large setup violation  
There is a large setup violation of -13.571 ns between Ultrasonic_Sensor/Distance_Measured_13/CLK (clocked by sys_clk_pin) and Ultrasonic_Sensor/Distance_Measured_1_reg[2]/D (clocked by sys_clk_pin). Large setup violations at the end of those stages might be difficult to fix during the post-placement implementation flow and could be the result of non-optimal XDC constraints or non-optimal design architecture
Related violations: <none>

TIMING-16#31 Warning
Large setup violation  
There is a large setup violation of -13.615 ns between Ultrasonic_Sensor/Distance_Measured_33/CLK (clocked by sys_clk_pin) and Ultrasonic_Sensor/Distance_Measured_3_reg[3]/D (clocked by sys_clk_pin). Large setup violations at the end of those stages might be difficult to fix during the post-placement implementation flow and could be the result of non-optimal XDC constraints or non-optimal design architecture
Related violations: <none>

TIMING-16#32 Warning
Large setup violation  
There is a large setup violation of -13.621 ns between Ultrasonic_Sensor/Distance_Measured_23/CLK (clocked by sys_clk_pin) and Ultrasonic_Sensor/Distance_Measured_2_reg[13]/D (clocked by sys_clk_pin). Large setup violations at the end of those stages might be difficult to fix during the post-placement implementation flow and could be the result of non-optimal XDC constraints or non-optimal design architecture
Related violations: <none>

TIMING-16#33 Warning
Large setup violation  
There is a large setup violation of -13.639 ns between Ultrasonic_Sensor/Distance_Measured_43/CLK (clocked by sys_clk_pin) and Ultrasonic_Sensor/Distance_Measured_4_reg[31]/D (clocked by sys_clk_pin). Large setup violations at the end of those stages might be difficult to fix during the post-placement implementation flow and could be the result of non-optimal XDC constraints or non-optimal design architecture
Related violations: <none>

TIMING-16#34 Warning
Large setup violation  
There is a large setup violation of -13.653 ns between Ultrasonic_Sensor/Distance_Measured_33/CLK (clocked by sys_clk_pin) and Ultrasonic_Sensor/Distance_Measured_3_reg[7]/D (clocked by sys_clk_pin). Large setup violations at the end of those stages might be difficult to fix during the post-placement implementation flow and could be the result of non-optimal XDC constraints or non-optimal design architecture
Related violations: <none>

TIMING-16#35 Warning
Large setup violation  
There is a large setup violation of -13.654 ns between Ultrasonic_Sensor/Distance_Measured_43/CLK (clocked by sys_clk_pin) and Ultrasonic_Sensor/Distance_Measured_4_reg[12]/D (clocked by sys_clk_pin). Large setup violations at the end of those stages might be difficult to fix during the post-placement implementation flow and could be the result of non-optimal XDC constraints or non-optimal design architecture
Related violations: <none>

TIMING-16#36 Warning
Large setup violation  
There is a large setup violation of -13.663 ns between Ultrasonic_Sensor/Distance_Measured_43/CLK (clocked by sys_clk_pin) and Ultrasonic_Sensor/Distance_Measured_4_reg[13]/D (clocked by sys_clk_pin). Large setup violations at the end of those stages might be difficult to fix during the post-placement implementation flow and could be the result of non-optimal XDC constraints or non-optimal design architecture
Related violations: <none>

TIMING-16#37 Warning
Large setup violation  
There is a large setup violation of -13.673 ns between Ultrasonic_Sensor/Distance_Measured_43/CLK (clocked by sys_clk_pin) and Ultrasonic_Sensor/Distance_Measured_4_reg[10]/D (clocked by sys_clk_pin). Large setup violations at the end of those stages might be difficult to fix during the post-placement implementation flow and could be the result of non-optimal XDC constraints or non-optimal design architecture
Related violations: <none>

TIMING-16#38 Warning
Large setup violation  
There is a large setup violation of -13.699 ns between Ultrasonic_Sensor/Distance_Measured_43/CLK (clocked by sys_clk_pin) and Ultrasonic_Sensor/Distance_Measured_4_reg[6]/D (clocked by sys_clk_pin). Large setup violations at the end of those stages might be difficult to fix during the post-placement implementation flow and could be the result of non-optimal XDC constraints or non-optimal design architecture
Related violations: <none>

TIMING-16#39 Warning
Large setup violation  
There is a large setup violation of -13.720 ns between Ultrasonic_Sensor/Distance_Measured_43/CLK (clocked by sys_clk_pin) and Ultrasonic_Sensor/Distance_Measured_4_reg[7]/D (clocked by sys_clk_pin). Large setup violations at the end of those stages might be difficult to fix during the post-placement implementation flow and could be the result of non-optimal XDC constraints or non-optimal design architecture
Related violations: <none>

TIMING-16#40 Warning
Large setup violation  
There is a large setup violation of -13.742 ns between Ultrasonic_Sensor/Distance_Measured_13/CLK (clocked by sys_clk_pin) and Ultrasonic_Sensor/Distance_Measured_1_reg[8]/D (clocked by sys_clk_pin). Large setup violations at the end of those stages might be difficult to fix during the post-placement implementation flow and could be the result of non-optimal XDC constraints or non-optimal design architecture
Related violations: <none>

TIMING-16#41 Warning
Large setup violation  
There is a large setup violation of -13.760 ns between Ultrasonic_Sensor/Distance_Measured_13/CLK (clocked by sys_clk_pin) and Ultrasonic_Sensor/Distance_Measured_1_reg[9]/D (clocked by sys_clk_pin). Large setup violations at the end of those stages might be difficult to fix during the post-placement implementation flow and could be the result of non-optimal XDC constraints or non-optimal design architecture
Related violations: <none>

TIMING-16#42 Warning
Large setup violation  
There is a large setup violation of -13.766 ns between Ultrasonic_Sensor/Distance_Measured_33/CLK (clocked by sys_clk_pin) and Ultrasonic_Sensor/Distance_Measured_3_reg[9]/D (clocked by sys_clk_pin). Large setup violations at the end of those stages might be difficult to fix during the post-placement implementation flow and could be the result of non-optimal XDC constraints or non-optimal design architecture
Related violations: <none>

TIMING-16#43 Warning
Large setup violation  
There is a large setup violation of -13.772 ns between Ultrasonic_Sensor/Distance_Measured_33/CLK (clocked by sys_clk_pin) and Ultrasonic_Sensor/Distance_Measured_3_reg[8]/D (clocked by sys_clk_pin). Large setup violations at the end of those stages might be difficult to fix during the post-placement implementation flow and could be the result of non-optimal XDC constraints or non-optimal design architecture
Related violations: <none>

TIMING-16#44 Warning
Large setup violation  
There is a large setup violation of -13.779 ns between Ultrasonic_Sensor/Distance_Measured_33/CLK (clocked by sys_clk_pin) and Ultrasonic_Sensor/Distance_Measured_3_reg[31]/D (clocked by sys_clk_pin). Large setup violations at the end of those stages might be difficult to fix during the post-placement implementation flow and could be the result of non-optimal XDC constraints or non-optimal design architecture
Related violations: <none>

TIMING-16#45 Warning
Large setup violation  
There is a large setup violation of -13.785 ns between Ultrasonic_Sensor/Distance_Measured_33/CLK (clocked by sys_clk_pin) and Ultrasonic_Sensor/Distance_Measured_3_reg[6]/D (clocked by sys_clk_pin). Large setup violations at the end of those stages might be difficult to fix during the post-placement implementation flow and could be the result of non-optimal XDC constraints or non-optimal design architecture
Related violations: <none>

TIMING-16#46 Warning
Large setup violation  
There is a large setup violation of -13.793 ns between Ultrasonic_Sensor/Distance_Measured_13/CLK (clocked by sys_clk_pin) and Ultrasonic_Sensor/Distance_Measured_1_reg[31]/D (clocked by sys_clk_pin). Large setup violations at the end of those stages might be difficult to fix during the post-placement implementation flow and could be the result of non-optimal XDC constraints or non-optimal design architecture
Related violations: <none>

TIMING-16#47 Warning
Large setup violation  
There is a large setup violation of -13.796 ns between Ultrasonic_Sensor/Distance_Measured_13/CLK (clocked by sys_clk_pin) and Ultrasonic_Sensor/Distance_Measured_1_reg[11]/D (clocked by sys_clk_pin). Large setup violations at the end of those stages might be difficult to fix during the post-placement implementation flow and could be the result of non-optimal XDC constraints or non-optimal design architecture
Related violations: <none>

TIMING-16#48 Warning
Large setup violation  
There is a large setup violation of -13.798 ns between Ultrasonic_Sensor/Distance_Measured_13/CLK (clocked by sys_clk_pin) and Ultrasonic_Sensor/Distance_Measured_1_reg[7]/D (clocked by sys_clk_pin). Large setup violations at the end of those stages might be difficult to fix during the post-placement implementation flow and could be the result of non-optimal XDC constraints or non-optimal design architecture
Related violations: <none>

TIMING-16#49 Warning
Large setup violation  
There is a large setup violation of -13.821 ns between Ultrasonic_Sensor/Distance_Measured_33/CLK (clocked by sys_clk_pin) and Ultrasonic_Sensor/Distance_Measured_3_reg[5]/D (clocked by sys_clk_pin). Large setup violations at the end of those stages might be difficult to fix during the post-placement implementation flow and could be the result of non-optimal XDC constraints or non-optimal design architecture
Related violations: <none>

TIMING-16#50 Warning
Large setup violation  
There is a large setup violation of -13.848 ns between Ultrasonic_Sensor/Distance_Measured_43/CLK (clocked by sys_clk_pin) and Ultrasonic_Sensor/Distance_Measured_4_reg[11]/D (clocked by sys_clk_pin). Large setup violations at the end of those stages might be difficult to fix during the post-placement implementation flow and could be the result of non-optimal XDC constraints or non-optimal design architecture
Related violations: <none>

TIMING-16#51 Warning
Large setup violation  
There is a large setup violation of -13.857 ns between Ultrasonic_Sensor/Distance_Measured_13/CLK (clocked by sys_clk_pin) and Ultrasonic_Sensor/Distance_Measured_1_reg[12]/D (clocked by sys_clk_pin). Large setup violations at the end of those stages might be difficult to fix during the post-placement implementation flow and could be the result of non-optimal XDC constraints or non-optimal design architecture
Related violations: <none>

TIMING-16#52 Warning
Large setup violation  
There is a large setup violation of -13.859 ns between Ultrasonic_Sensor/Distance_Measured_33/CLK (clocked by sys_clk_pin) and Ultrasonic_Sensor/Distance_Measured_3_reg[4]/D (clocked by sys_clk_pin). Large setup violations at the end of those stages might be difficult to fix during the post-placement implementation flow and could be the result of non-optimal XDC constraints or non-optimal design architecture
Related violations: <none>

TIMING-16#53 Warning
Large setup violation  
There is a large setup violation of -13.890 ns between Ultrasonic_Sensor/Distance_Measured_13/CLK (clocked by sys_clk_pin) and Ultrasonic_Sensor/Distance_Measured_1_reg[13]/D (clocked by sys_clk_pin). Large setup violations at the end of those stages might be difficult to fix during the post-placement implementation flow and could be the result of non-optimal XDC constraints or non-optimal design architecture
Related violations: <none>

TIMING-16#54 Warning
Large setup violation  
There is a large setup violation of -13.896 ns between Ultrasonic_Sensor/Distance_Measured_13/CLK (clocked by sys_clk_pin) and Ultrasonic_Sensor/Distance_Measured_1_reg[10]/D (clocked by sys_clk_pin). Large setup violations at the end of those stages might be difficult to fix during the post-placement implementation flow and could be the result of non-optimal XDC constraints or non-optimal design architecture
Related violations: <none>

TIMING-16#55 Warning
Large setup violation  
There is a large setup violation of -13.898 ns between Ultrasonic_Sensor/Distance_Measured_13/CLK (clocked by sys_clk_pin) and Ultrasonic_Sensor/Distance_Measured_1_reg[6]/D (clocked by sys_clk_pin). Large setup violations at the end of those stages might be difficult to fix during the post-placement implementation flow and could be the result of non-optimal XDC constraints or non-optimal design architecture
Related violations: <none>

TIMING-16#56 Warning
Large setup violation  
There is a large setup violation of -13.899 ns between Ultrasonic_Sensor/Distance_Measured_33/CLK (clocked by sys_clk_pin) and Ultrasonic_Sensor/Distance_Measured_3_reg[13]/D (clocked by sys_clk_pin). Large setup violations at the end of those stages might be difficult to fix during the post-placement implementation flow and could be the result of non-optimal XDC constraints or non-optimal design architecture
Related violations: <none>

TIMING-16#57 Warning
Large setup violation  
There is a large setup violation of -13.920 ns between Ultrasonic_Sensor/Distance_Measured_33/CLK (clocked by sys_clk_pin) and Ultrasonic_Sensor/Distance_Measured_3_reg[11]/D (clocked by sys_clk_pin). Large setup violations at the end of those stages might be difficult to fix during the post-placement implementation flow and could be the result of non-optimal XDC constraints or non-optimal design architecture
Related violations: <none>

TIMING-16#58 Warning
Large setup violation  
There is a large setup violation of -13.923 ns between Ultrasonic_Sensor/Distance_Measured_33/CLK (clocked by sys_clk_pin) and Ultrasonic_Sensor/Distance_Measured_3_reg[10]/D (clocked by sys_clk_pin). Large setup violations at the end of those stages might be difficult to fix during the post-placement implementation flow and could be the result of non-optimal XDC constraints or non-optimal design architecture
Related violations: <none>

TIMING-16#59 Warning
Large setup violation  
There is a large setup violation of -13.953 ns between Ultrasonic_Sensor/Distance_Measured_13/CLK (clocked by sys_clk_pin) and Ultrasonic_Sensor/Distance_Measured_1_reg[5]/D (clocked by sys_clk_pin). Large setup violations at the end of those stages might be difficult to fix during the post-placement implementation flow and could be the result of non-optimal XDC constraints or non-optimal design architecture
Related violations: <none>

TIMING-16#60 Warning
Large setup violation  
There is a large setup violation of -14.042 ns between Ultrasonic_Sensor/Distance_Measured_33/CLK (clocked by sys_clk_pin) and Ultrasonic_Sensor/Distance_Measured_3_reg[12]/D (clocked by sys_clk_pin). Large setup violations at the end of those stages might be difficult to fix during the post-placement implementation flow and could be the result of non-optimal XDC constraints or non-optimal design architecture
Related violations: <none>

TIMING-18#1 Warning
Missing input or output delay  
An input delay is missing on Data_Line relative to clock(s) sys_clk_pin 
Related violations: <none>

TIMING-18#2 Warning
Missing input or output delay  
An input delay is missing on Echo_1 relative to clock(s) sys_clk_pin 
Related violations: <none>

TIMING-18#3 Warning
Missing input or output delay  
An input delay is missing on Echo_2 relative to clock(s) sys_clk_pin 
Related violations: <none>

TIMING-18#4 Warning
Missing input or output delay  
An input delay is missing on Echo_3 relative to clock(s) sys_clk_pin 
Related violations: <none>

TIMING-18#5 Warning
Missing input or output delay  
An input delay is missing on Echo_4 relative to clock(s) sys_clk_pin 
Related violations: <none>

TIMING-18#6 Warning
Missing input or output delay  
An input delay is missing on Reset relative to clock(s) sys_clk_pin 
Related violations: <none>

TIMING-18#7 Warning
Missing input or output delay  
An input delay is missing on Start relative to clock(s) sys_clk_pin 
Related violations: <none>

TIMING-18#8 Warning
Missing input or output delay  
An output delay is missing on Anodes[0] relative to clock(s) sys_clk_pin 
Related violations: <none>

TIMING-18#9 Warning
Missing input or output delay  
An output delay is missing on Anodes[1] relative to clock(s) sys_clk_pin 
Related violations: <none>

TIMING-18#10 Warning
Missing input or output delay  
An output delay is missing on Anodes[2] relative to clock(s) sys_clk_pin 
Related violations: <none>

TIMING-18#11 Warning
Missing input or output delay  
An output delay is missing on Anodes[3] relative to clock(s) sys_clk_pin 
Related violations: <none>

TIMING-18#12 Warning
Missing input or output delay  
An output delay is missing on Green_Horizontal relative to clock(s) sys_clk_pin 
Related violations: <none>

TIMING-18#13 Warning
Missing input or output delay  
An output delay is missing on Green_Vertical relative to clock(s) sys_clk_pin 
Related violations: <none>

TIMING-18#14 Warning
Missing input or output delay  
An output delay is missing on RED_Horizontal relative to clock(s) sys_clk_pin 
Related violations: <none>

TIMING-18#15 Warning
Missing input or output delay  
An output delay is missing on RED_Vertical relative to clock(s) sys_clk_pin 
Related violations: <none>

TIMING-18#16 Warning
Missing input or output delay  
An output delay is missing on Segments[0] relative to clock(s) sys_clk_pin 
Related violations: <none>

TIMING-18#17 Warning
Missing input or output delay  
An output delay is missing on Segments[1] relative to clock(s) sys_clk_pin 
Related violations: <none>

TIMING-18#18 Warning
Missing input or output delay  
An output delay is missing on Segments[2] relative to clock(s) sys_clk_pin 
Related violations: <none>

TIMING-18#19 Warning
Missing input or output delay  
An output delay is missing on Segments[3] relative to clock(s) sys_clk_pin 
Related violations: <none>

TIMING-18#20 Warning
Missing input or output delay  
An output delay is missing on Segments[4] relative to clock(s) sys_clk_pin 
Related violations: <none>

TIMING-18#21 Warning
Missing input or output delay  
An output delay is missing on Segments[5] relative to clock(s) sys_clk_pin 
Related violations: <none>

TIMING-18#22 Warning
Missing input or output delay  
An output delay is missing on Segments[6] relative to clock(s) sys_clk_pin 
Related violations: <none>

TIMING-18#23 Warning
Missing input or output delay  
An output delay is missing on Trig_1 relative to clock(s) sys_clk_pin 
Related violations: <none>

TIMING-18#24 Warning
Missing input or output delay  
An output delay is missing on Trig_2 relative to clock(s) sys_clk_pin 
Related violations: <none>

TIMING-18#25 Warning
Missing input or output delay  
An output delay is missing on Trig_3 relative to clock(s) sys_clk_pin 
Related violations: <none>

TIMING-18#26 Warning
Missing input or output delay  
An output delay is missing on Trig_4 relative to clock(s) sys_clk_pin 
Related violations: <none>

TIMING-18#27 Warning
Missing input or output delay  
An output delay is missing on Yellow_Horizontal relative to clock(s) sys_clk_pin 
Related violations: <none>

TIMING-18#28 Warning
Missing input or output delay  
An output delay is missing on Yellow_Vertical relative to clock(s) sys_clk_pin 
Related violations: <none>

TIMING-20#1 Warning
Non-clocked latch  
The latch Ultrasonic_Sensor/Alarm_reg cannot be properly analyzed as its control pin Ultrasonic_Sensor/Alarm_reg/G is not reached by a timing clock
Related violations: <none>


